app/build/outputs/logs/manifest-merger-debug-report.txt
-- Merging decision tree log ---
manifest
ADDED from src/main/AndroidManifest.xml:2:1-29:12
	package
		ADDED from src/main/AndroidManifest.xml:3:5-30
		INJECTED from src/main/AndroidManifest.xml
		INJECTED from src/main/AndroidManifest.xml
	android:versionName
		ADDED from src/main/AndroidManifest.xml:5:5-30
		INJECTED from src/main/AndroidManifest.xml
		INJECTED from src/main/AndroidManifest.xml
	android:versionCode
		ADDED from src/main/AndroidManifest.xml:4:5-28
		INJECTED from src/main/AndroidManifest.xml
		INJECTED from src/main/AndroidManifest.xml
	xmlns:android
		ADDED from src/main/AndroidManifest.xml:2:11-69
uses-sdk
ADDED from src/main/AndroidManifest.xml:6:5-43
	android:targetSdkVersion
		INJECTED from src/main/AndroidManifest.xml
		INJECTED from src/main/AndroidManifest.xml
	android:minSdkVersion
		ADDED from src/main/AndroidManifest.xml:6:15-40
		INJECTED from src/main/AndroidManifest.xml
		INJECTED from src/main/AndroidManifest.xml
application
ADDED from src/main/AndroidManifest.xml:7:5-27:19
	android:label
		ADDED from src/main/AndroidManifest.xml:9:9-41
	android:icon
		ADDED from src/main/AndroidManifest.xml:8:9-45
	android:theme
		ADDED from src/main/AndroidManifest.xml:10:9-38
activity#com.st.accounts.ListAccounts
ADDED from src/main/AndroidManifest.xml:11:9-18:20
	android:label
		ADDED from src/main/AndroidManifest.xml:12:13-47
	android:name
		ADDED from src/main/AndroidManifest.xml:13:13-41
intent-filter#android.intent.action.MAIN+android.intent.category.LAUNCHER
ADDED from src/main/AndroidManifest.xml:14:13-17:29
action#android.intent.action.MAIN
ADDED from src/main/AndroidManifest.xml:15:17-69
	android:name
		ADDED from src/main/AndroidManifest.xml:15:25-66
category#android.intent.category.LAUNCHER
ADDED from src/main/AndroidManifest.xml:16:17-77
	android:name
		ADDED from src/main/AndroidManifest.xml:16:27-74
activity#com.st.accounts.AddAccount
ADDED from src/main/AndroidManifest.xml:19:9-89
	android:label
		ADDED from src/main/AndroidManifest.xml:19:46-77
	android:name
		ADDED from src/main/AndroidManifest.xml:19:19-45
activity#com.st.accounts.AddTransaction
ADDED from src/main/AndroidManifest.xml:20:9-97
	android:label
		ADDED from src/main/AndroidManifest.xml:20:50-85
	android:name
		ADDED from src/main/AndroidManifest.xml:20:19-49
activity#com.st.accounts.UpdateAccount
ADDED from src/main/AndroidManifest.xml:21:9-93
	android:label
		ADDED from src/main/AndroidManifest.xml:21:50-81
	android:name
		ADDED from src/main/AndroidManifest.xml:21:19-48
activity#com.st.accounts.ListAccountTransactions
ADDED from src/main/AndroidManifest.xml:22:9-107
	android:label
		ADDED from src/main/AndroidManifest.xml:22:59-95
	android:name
		ADDED from src/main/AndroidManifest.xml:22:19-58
activity#com.st.accounts.TransactionDetails
ADDED from src/main/AndroidManifest.xml:23:9-101
	android:label
		ADDED from src/main/AndroidManifest.xml:23:54-89
	android:name
		ADDED from src/main/AndroidManifest.xml:23:19-53
activity#com.st.accounts.SearchTransactions
ADDED from src/main/AndroidManifest.xml:24:9-103
	android:label
		ADDED from src/main/AndroidManifest.xml:24:56-91
	android:name
		ADDED from src/main/AndroidManifest.xml:24:19-53
activity#com.st.accounts.ListTransactions
ADDED from src/main/AndroidManifest.xml:25:9-92
	android:label
		ADDED from src/main/AndroidManifest.xml:25:52-80
	android:name
		ADDED from src/main/AndroidManifest.xml:25:19-51
activity#com.st.accounts.ListRecentTransactions
ADDED from src/main/AndroidManifest.xml:26:9-105
	android:label
		ADDED from src/main/AndroidManifest.xml:26:58-93
	android:name
		ADDED from src/main/AndroidManifest.xml:26:19-57